MPASM 5.81  PRACTICA3 - 3REP_FUNC_ENC_LEDS.A   11-5-2018  18:01:27         PAGE  1


LOC  OBJECT CODE     LINE SOURCE TEXT
  VALUE

Warning[205]: Found directive in column 1. (INCLUDE)
                      00001 INCLUDE <P16F887.INC>
                      00001         LIST
                      00002 
                      00003 ;==========================================================================
                      00004 ; Build date : Jul 23 2018
                      00005 ;  MPASM PIC16F887 processor include
                      00006 ; 
                      00007 ;  (c) Copyright 1999-2018 Microchip Technology, All rights reserved
                      00008 ;==========================================================================
                      00009 
                      00810         LIST
Warning[205]: Found directive in column 1. (__CONFIG)
Message[303]: Program word too large.  Truncated to core size. (E032)
2007   2032           00002 __CONFIG _CONFIG1,0XE032
Warning[205]: Found directive in column 1. (__CONFIG)
Message[303]: Program word too large.  Truncated to core size. (FEFF)
2008   3EFF           00003 __CONFIG _CONFIG2,0XFEFF
Warning[205]: Found directive in column 1. (CBLOCK)
                      00004 CBLOCK 0X20
  00000020            00005     CONTA
  00000021            00006     CONTB
  00000022            00007     CONTC
  00000023            00008     D1
  00000024            00009     D2
  00000025            00010     D3
                      00011  ENDC
                      00012  ORG 0X00
                      00013  ;----------------- CONFIGURACION REGISTRO --------------
Warning[207]: Found label after column 1. (INICIA)
0000                  00014  INICIA 
0000   1683 1703      00015     BANKSEL  ANSEL
Message[302]: Register in operand not in bank 0.  Ensure that bank bits are correct.
0002   0188           00016     CLRF     ANSEL
Message[302]: Register in operand not in bank 0.  Ensure that bank bits are correct.
0003   0189           00017     CLRF     ANSELH
                      00018 
0004   1683 1303      00019     BANKSEL TRISC
0006   3000           00020     MOVLW H'00'
Message[302]: Register in operand not in bank 0.  Ensure that bank bits are correct.
0007   0087           00021     MOVWF TRISC
                      00022     
0008   1283 1303      00023     BANKSEL PORTC
000A                  00024 MAIN
000A   3003           00025     MOVLW H'03'
000B   00A0           00026     MOVWF CONTA
000C   3003           00027     MOVLW H'03'
000D   00A1           00028     MOVWF CONTB
000E   3003           00029     MOVLW H'03'
000F   00A2           00030     MOVWF CONTC
                      00031 
0010                  00032 FOR1
0010   2???           00033     CALL SECUENCIA_UNO
MPASM 5.81  PRACTICA3 - 3REP_FUNC_ENC_LEDS.A   11-5-2018  18:01:27         PAGE  2


LOC  OBJECT CODE     LINE SOURCE TEXT
  VALUE

Message[305]: Using default destination of 1 (file).
0011   0BA0           00034     DECFSZ CONTA
0012   2???           00035     GOTO FOR1
0013                  00036 FOR2
0013   2???           00037     CALL SECUENCIA_DOS
Message[305]: Using default destination of 1 (file).
0014   0BA1           00038     DECFSZ CONTB
0015   2???           00039     GOTO FOR2
0016                  00040 FOR3
0016   2???           00041     CALL SECUENCIA_TRES
Message[305]: Using default destination of 1 (file).
0017   0BA2           00042     DECFSZ CONTC
0018   2???           00043     GOTO FOR3
                      00044 
Warning[203]: Found opcode in column 1. (GOTO)
0019   2???           00045 GOTO MAIN ; se retorna al MAIN
                      00046 
001A                  00047 SECUENCIA_UNO
001A   300E           00048         MOVLW   H'0E'
001B   0087           00049         MOVWF   PORTC
001C   2???           00050         CALL    RET_50MS
                      00051         
001D   300D           00052         MOVLW   H'0D'
001E   0087           00053         MOVWF   PORTC
001F   2???           00054         CALL    RET_50MS
                      00055         
0020   300B           00056         MOVLW   H'0B'
0021   0087           00057         MOVWF   PORTC
0022   2???           00058         CALL    RET_50MS
                      00059         
0023   3007           00060         MOVLW   H'07'
0024   0087           00061         MOVWF   PORTC
0025   2???           00062         CALL    RET_50MS
                      00063         
0026   301F           00064         MOVLW   H'1F'
0027   0087           00065         MOVWF   PORTC
0028   2???           00066         CALL    RET_50MS
                      00067         
0029   302F           00068         MOVLW   H'2F'
002A   0087           00069         MOVWF   PORTC
002B   2???           00070         CALL    RET_50MS
                      00071         
002C   304F           00072         MOVLW   H'4F'
002D   0087           00073         MOVWF   PORTC
002E   2???           00074         CALL    RET_50MS
                      00075         
002F   308F           00076         MOVLW   H'8F'
0030   0087           00077         MOVWF   PORTC
0031   2???           00078         CALL    RET_50MS
                      00079         
0032   308F           00080         MOVLW   H'8F'
0033   0087           00081         MOVWF   PORTC
0034   2???           00082         CALL    RET_50MS
MPASM 5.81  PRACTICA3 - 3REP_FUNC_ENC_LEDS.A   11-5-2018  18:01:27         PAGE  3


LOC  OBJECT CODE     LINE SOURCE TEXT
  VALUE

                      00083         
0035   304F           00084         MOVLW   H'4F'
0036   0087           00085         MOVWF   PORTC
0037   2???           00086         CALL    RET_50MS
                      00087         
0038   302F           00088         MOVLW   H'2F'
0039   0087           00089         MOVWF   PORTC
003A   2???           00090         CALL    RET_50MS
                      00091         
003B   301F           00092         MOVLW   H'1F'
003C   0087           00093         MOVWF   PORTC
003D   2???           00094         CALL    RET_50MS
                      00095         
003E   3007           00096         MOVLW   H'07'
003F   0087           00097         MOVWF   PORTC
0040   2???           00098         CALL    RET_50MS
                      00099         
0041   300B           00100         MOVLW   H'0B'
0042   0087           00101         MOVWF   PORTC
0043   2???           00102         CALL    RET_50MS
                      00103         
0044   300D           00104         MOVLW   H'0D'
0045   0087           00105         MOVWF   PORTC
0046   2???           00106         CALL    RET_50MS
                      00107         
0047   300E           00108         MOVLW   H'0E'
0048   0087           00109         MOVWF   PORTC
0049   2???           00110         CALL    RET_50MS
                      00111 
004A   0008           00112         RETURN ;FIN SECUENCIA_UNO
                      00113 
004B                  00114 SECUENCIA_DOS
004B   3017           00115         MOVLW   H'17'
004C   0087           00116         MOVWF   PORTC
004D   2???           00117         CALL    RET_50MS
                      00118         
004E   302B           00119         MOVLW   H'2B'
004F   0087           00120         MOVWF   PORTC
0050   2???           00121         CALL    RET_50MS
                      00122         
0051   304D           00123         MOVLW   H'4D'
0052   0087           00124         MOVWF   PORTC
0053   2???           00125         CALL    RET_50MS
                      00126         
0054   308E           00127         MOVLW   H'8E'
0055   0087           00128         MOVWF   PORTC
0056   2???           00129         CALL    RET_50MS
                      00130         
0057   0008           00131         RETURN ;FIN SECUENCIA_DOS
                      00132 
0058                  00133 SECUENCIA_TRES
0058   30F0           00134         MOVLW   H'F0'
0059   0087           00135         MOVWF   PORTC
MPASM 5.81  PRACTICA3 - 3REP_FUNC_ENC_LEDS.A   11-5-2018  18:01:27         PAGE  4


LOC  OBJECT CODE     LINE SOURCE TEXT
  VALUE

005A   2???           00136         CALL    RET_50MS
                      00137         
005B   3070           00138         MOVLW   H'70'
005C   0087           00139         MOVWF   PORTC
005D   2???           00140         CALL    RET_50MS
                      00141         
005E   3030           00142         MOVLW   H'30'
005F   0087           00143         MOVWF   PORTC
0060   2???           00144         CALL    RET_50MS
                      00145         
0061   3010           00146         MOVLW   H'10'
0062   0087           00147         MOVWF   PORTC
0063   2???           00148         CALL    RET_50MS
                      00149         
0064   3008           00150         MOVLW   H'08'
0065   0087           00151         MOVWF   PORTC
0066   2???           00152         CALL    RET_50MS
                      00153         
0067   300C           00154         MOVLW   H'0C'
0068   0087           00155         MOVWF   PORTC
0069   2???           00156         CALL    RET_50MS
                      00157         
006A   300E           00158         MOVLW   H'0E'
006B   0087           00159         MOVWF   PORTC
006C   2???           00160         CALL    RET_50MS
                      00161         
006D   300F           00162         MOVLW   H'0F'
006E   0087           00163         MOVWF   PORTC
006F   2???           00164         CALL    RET_50MS
                      00165         
0070   0008           00166         RETURN ;FIN SECUENCIA_TRES
                      00167 
                      00168 ;RETARDO DE 50MS
0071                  00169 RET_50MS 
                      00170                                      ;749992 CYCLES
0071   3085           00171     MOVLW    0x85
0072   00A3           00172     MOVWF    D1
0073   30A3           00173     MOVLW    0XA3
0074   00A4           00174     MOVWF    D2
0075   3002           00175     MOVLW    0X02
0076   00A5           00176     MOVWF    D3
0077                  00177 DELAY_0
0077   0BA3           00178     DECFSZ   D1,F
0078   2???           00179     GOTO     $+2
0079   0BA4           00180     DECFSZ   D2,F
007A   2???           00181         GOTO     $+2
007B   0BA5           00182         DECFSZ   D3,F
007C   2???           00183     GOTO     DELAY_0
                      00184                      ;4 CYCLES
007D   2???           00185     GOTO     $+1
007E   2???           00186     GOTO     $+1
                      00187                                          ;4 CYCLES (INCLUDING CALL)
007F   0008           00188     RETURN
MPASM 5.81  PRACTICA3 - 3REP_FUNC_ENC_LEDS.A   11-5-2018  18:01:27         PAGE  5


LOC  OBJECT CODE     LINE SOURCE TEXT
  VALUE

Message[303]: Program word too large.  Truncated to core size. (E032)
Message[303]: Program word too large.  Truncated to core size. (FEFF)
2032 3EFF             00189         END
MPASM 5.81  PRACTICA3 - 3REP_FUNC_ENC_LEDS.A   11-5-2018  18:01:27         PAGE  6


SYMBOL TABLE
  LABEL                             VALUE 

ABDEN                             00000000
ABDOVF                            00000007
ACKDT                             00000005
ACKEN                             00000004
ACKSTAT                           00000006
ADCON0                            0000001F
ADCON1                            0000009F
ADCS0                             00000006
ADCS1                             00000007
ADDEN                             00000003
ADFM                              00000007
ADIE                              00000006
ADIF                              00000006
ADON                              00000000
ADRESH                            0000001E
ADRESL                            0000009E
ANS0                              00000000
ANS1                              00000001
ANS10                             00000002
ANS11                             00000003
ANS12                             00000004
ANS13                             00000005
ANS2                              00000002
ANS3                              00000003
ANS4                              00000004
ANS5                              00000005
ANS6                              00000006
ANS7                              00000007
ANS8                              00000000
ANS9                              00000001
ANSEL                             00000188
ANSELH                            00000189
BAUDCTL                           00000187
BCLIE                             00000003
BCLIF                             00000003
BF                                00000000
BRG0                              00000000
BRG1                              00000001
BRG10                             00000002
BRG11                             00000003
BRG12                             00000004
BRG13                             00000005
BRG14                             00000006
BRG15                             00000007
BRG16                             00000003
BRG2                              00000002
BRG3                              00000003
BRG4                              00000004
BRG5                              00000005
BRG6                              00000006
BRG7                              00000007
BRG8                              00000000
BRG9                              00000001
MPASM 5.81  PRACTICA3 - 3REP_FUNC_ENC_LEDS.A   11-5-2018  18:01:27         PAGE  7


SYMBOL TABLE
  LABEL                             VALUE 

BRGH                              00000002
C                                 00000000
C1CH0                             00000000
C1CH1                             00000001
C1IE                              00000005
C1IF                              00000005
C1OE                              00000005
C1ON                              00000007
C1OUT                             00000006
C1POL                             00000004
C1R                               00000002
C1RSEL                            00000005
C1SEN                             00000005
C2CH0                             00000000
C2CH1                             00000001
C2IE                              00000006
C2IF                              00000006
C2OE                              00000005
C2ON                              00000007
C2OUT                             00000006
C2POL                             00000004
C2R                               00000002
C2REN                             00000004
C2RSEL                            00000004
C2SYNC                            00000000
CCP1CON                           00000017
CCP1IE                            00000002
CCP1IF                            00000002
CCP1M0                            00000000
CCP1M1                            00000001
CCP1M2                            00000002
CCP1M3                            00000003
CCP1X                             00000005
CCP1Y                             00000004
CCP2CON                           0000001D
CCP2IE                            00000000
CCP2IF                            00000000
CCP2M0                            00000000
CCP2M1                            00000001
CCP2M2                            00000002
CCP2M3                            00000003
CCP2X                             00000005
CCP2Y                             00000004
CCPR1                             00000015
CCPR1H                            00000016
CCPR1L                            00000015
CCPR2                             0000001B
CCPR2H                            0000001C
CCPR2L                            0000001B
CHS0                              00000002
CHS1                              00000003
CHS2                              00000004
CHS3                              00000005
MPASM 5.81  PRACTICA3 - 3REP_FUNC_ENC_LEDS.A   11-5-2018  18:01:27         PAGE  8


SYMBOL TABLE
  LABEL                             VALUE 

CKE                               00000006
CKP                               00000004
CM1CON0                           00000107
CM2CON0                           00000108
CM2CON1                           00000109
CONTA                             00000020
CONTB                             00000021
CONTC                             00000022
CREN                              00000004
CSRC                              00000007
D                                 00000005
D1                                00000023
D2                                00000024
D3                                00000025
DATA_ADDRESS                      00000005
DC                                00000001
DC1B0                             00000004
DC1B1                             00000005
DC2B0                             00000004
DC2B1                             00000005
DELAY_0                           00000077
D_A                               00000005
D_NOT_A                           00000005
ECCPAS                            0000009C
ECCPAS0                           00000004
ECCPAS1                           00000005
ECCPAS2                           00000006
ECCPASE                           00000007
EEADR                             0000010D
EEADRH                            0000010F
EECON1                            0000018C
EECON2                            0000018D
EEDAT                             0000010C
EEDATA                            0000010C
EEDATH                            0000010E
EEIE                              00000004
EEIF                              00000004
EEPGD                             00000007
F                                 00000001
FERR                              00000002
FOR1                              00000010
FOR2                              00000013
FOR3                              00000016
FSR                               00000004
FVREN                             00000000
GCEN                              00000007
GIE                               00000007
GO                                00000001
GO_DONE                           00000001
GO_NOT_DONE                       00000001
HTS                               00000002
I2C_DATA                          00000005
I2C_READ                          00000002
MPASM 5.81  PRACTICA3 - 3REP_FUNC_ENC_LEDS.A   11-5-2018  18:01:27         PAGE  9


SYMBOL TABLE
  LABEL                             VALUE 

I2C_START                         00000003
I2C_STOP                          00000004
INDF                              00000000
INICIA                            00000000
INTCON                            0000000B
INTE                              00000004
INTEDG                            00000006
INTF                              00000001
IOCB                              00000096
IOCB0                             00000000
IOCB1                             00000001
IOCB2                             00000002
IOCB3                             00000003
IOCB4                             00000004
IOCB5                             00000005
IOCB6                             00000006
IOCB7                             00000007
IRCF0                             00000004
IRCF1                             00000005
IRCF2                             00000006
IRP                               00000007
LTS                               00000001
MAIN                              0000000A
MC1OUT                            00000007
MC2OUT                            00000006
MSK                               00000093
MSK0                              00000000
MSK1                              00000001
MSK2                              00000002
MSK3                              00000003
MSK4                              00000004
MSK5                              00000005
MSK6                              00000006
MSK7                              00000007
NOT_A                             00000005
NOT_ADDRESS                       00000005
NOT_BO                            00000000
NOT_BOR                           00000000
NOT_DONE                          00000001
NOT_PD                            00000003
NOT_POR                           00000001
NOT_RBPU                          00000007
NOT_RC8                           00000006
NOT_T1SYNC                        00000002
NOT_TO                            00000004
NOT_TX8                           00000006
NOT_W                             00000002
NOT_WRITE                         00000002
OERR                              00000001
OPTION_REG                        00000081
OSCCON                            0000008F
OSCTUNE                           00000090
OSFIE                             00000007
MPASM 5.81  PRACTICA3 - 3REP_FUNC_ENC_LEDS.A   11-5-2018  18:01:27         PAGE 10


SYMBOL TABLE
  LABEL                             VALUE 

OSFIF                             00000007
OSTS                              00000003
P                                 00000004
P1M0                              00000006
P1M1                              00000007
PCL                               00000002
PCLATH                            0000000A
PCON                              0000008E
PDC0                              00000000
PDC1                              00000001
PDC2                              00000002
PDC3                              00000003
PDC4                              00000004
PDC5                              00000005
PDC6                              00000006
PEIE                              00000006
PEN                               00000002
PIE1                              0000008C
PIE2                              0000008D
PIR1                              0000000C
PIR2                              0000000D
PORTA                             00000005
PORTB                             00000006
PORTC                             00000007
PORTD                             00000008
PORTE                             00000009
PR2                               00000092
PRSEN                             00000007
PS0                               00000000
PS1                               00000001
PS2                               00000002
PSA                               00000003
PSSAC0                            00000002
PSSAC1                            00000003
PSSBD0                            00000000
PSSBD1                            00000001
PSTRCON                           0000009D
PULSR                             00000002
PULSS                             00000003
PWM1CON                           0000009B
R                                 00000002
RA0                               00000000
RA1                               00000001
RA2                               00000002
RA3                               00000003
RA4                               00000004
RA5                               00000005
RA6                               00000006
RA7                               00000007
RB0                               00000000
RB1                               00000001
RB2                               00000002
RB3                               00000003
MPASM 5.81  PRACTICA3 - 3REP_FUNC_ENC_LEDS.A   11-5-2018  18:01:27         PAGE 11


SYMBOL TABLE
  LABEL                             VALUE 

RB4                               00000004
RB5                               00000005
RB6                               00000006
RB7                               00000007
RBIE                              00000003
RBIF                              00000000
RC0                               00000000
RC1                               00000001
RC2                               00000002
RC3                               00000003
RC4                               00000004
RC5                               00000005
RC6                               00000006
RC7                               00000007
RC8_9                             00000006
RC9                               00000006
RCD8                              00000000
RCEN                              00000003
RCIDL                             00000006
RCIE                              00000005
RCIF                              00000005
RCREG                             0000001A
RCSTA                             00000018
RD                                00000000
RD0                               00000000
RD1                               00000001
RD2                               00000002
RD3                               00000003
RD4                               00000004
RD5                               00000005
RD6                               00000006
RD7                               00000007
RE0                               00000000
RE1                               00000001
RE2                               00000002
RE3                               00000003
READ_WRITE                        00000002
RET_50MS                          00000071
RP0                               00000005
RP1                               00000006
RSEN                              00000001
RX9                               00000006
RX9D                              00000000
R_NOT_W                           00000002
R_W                               00000002
S                                 00000003
SBOREN                            00000004
SCKP                              00000004
SCS                               00000000
SECUENCIA_DOS                     0000004B
SECUENCIA_TRES                    00000058
SECUENCIA_UNO                     0000001A
SEN                               00000000
MPASM 5.81  PRACTICA3 - 3REP_FUNC_ENC_LEDS.A   11-5-2018  18:01:27         PAGE 12


SYMBOL TABLE
  LABEL                             VALUE 

SENDB                             00000003
SMP                               00000007
SPBRG                             00000099
SPBRGH                            0000009A
SPEN                              00000007
SR0                               00000006
SR1                               00000007
SRCON                             00000185
SREN                              00000005
SSPADD                            00000093
SSPBUF                            00000013
SSPCON                            00000014
SSPCON2                           00000091
SSPEN                             00000005
SSPIE                             00000003
SSPIF                             00000003
SSPM0                             00000000
SSPM1                             00000001
SSPM2                             00000002
SSPM3                             00000003
SSPMSK                            00000093
SSPOV                             00000006
SSPSTAT                           00000094
STATUS                            00000003
STRA                              00000000
STRB                              00000001
STRC                              00000002
STRD                              00000003
STRSYNC                           00000004
SWDTEN                            00000000
SYNC                              00000004
T0CS                              00000005
T0IE                              00000005
T0IF                              00000002
T0SE                              00000004
T1CKPS0                           00000004
T1CKPS1                           00000005
T1CON                             00000010
T1GINV                            00000007
T1GIV                             00000007
T1GSS                             00000001
T1INSYNC                          00000002
T1OSCEN                           00000003
T1SYNC                            00000002
T2CKPS0                           00000000
T2CKPS1                           00000001
T2CON                             00000012
TMR0                              00000001
TMR0IE                            00000005
TMR0IF                            00000002
TMR1                              0000000E
TMR1CS                            00000001
TMR1GE                            00000006
MPASM 5.81  PRACTICA3 - 3REP_FUNC_ENC_LEDS.A   11-5-2018  18:01:27         PAGE 13


SYMBOL TABLE
  LABEL                             VALUE 

TMR1H                             0000000F
TMR1IE                            00000000
TMR1IF                            00000000
TMR1L                             0000000E
TMR1ON                            00000000
TMR2                              00000011
TMR2IE                            00000001
TMR2IF                            00000001
TMR2ON                            00000002
TOUTPS0                           00000003
TOUTPS1                           00000004
TOUTPS2                           00000005
TOUTPS3                           00000006
TRISA                             00000085
TRISA0                            00000000
TRISA1                            00000001
TRISA2                            00000002
TRISA3                            00000003
TRISA4                            00000004
TRISA5                            00000005
TRISA6                            00000006
TRISA7                            00000007
TRISB                             00000086
TRISB0                            00000000
TRISB1                            00000001
TRISB2                            00000002
TRISB3                            00000003
TRISB4                            00000004
TRISB5                            00000005
TRISB6                            00000006
TRISB7                            00000007
TRISC                             00000087
TRISC0                            00000000
TRISC1                            00000001
TRISC2                            00000002
TRISC3                            00000003
TRISC4                            00000004
TRISC5                            00000005
TRISC6                            00000006
TRISC7                            00000007
TRISD                             00000088
TRISD0                            00000000
TRISD1                            00000001
TRISD2                            00000002
TRISD3                            00000003
TRISD4                            00000004
TRISD5                            00000005
TRISD6                            00000006
TRISD7                            00000007
TRISE                             00000089
TRISE0                            00000000
TRISE1                            00000001
TRISE2                            00000002
MPASM 5.81  PRACTICA3 - 3REP_FUNC_ENC_LEDS.A   11-5-2018  18:01:27         PAGE 14


SYMBOL TABLE
  LABEL                             VALUE 

TRISE3                            00000003
TRMT                              00000001
TUN0                              00000000
TUN1                              00000001
TUN2                              00000002
TUN3                              00000003
TUN4                              00000004
TX8_9                             00000006
TX9                               00000006
TX9D                              00000000
TXD8                              00000000
TXEN                              00000005
TXIE                              00000004
TXIF                              00000004
TXREG                             00000019
TXSTA                             00000098
UA                                00000001
ULPWUE                            00000005
ULPWUIE                           00000002
ULPWUIF                           00000002
VCFG0                             00000004
VCFG1                             00000005
VR0                               00000000
VR1                               00000001
VR2                               00000002
VR3                               00000003
VRCON                             00000097
VREN                              00000007
VROE                              00000006
VRR                               00000005
VRSS                              00000004
W                                 00000000
WCOL                              00000007
WDTCON                            00000105
WDTPS0                            00000001
WDTPS1                            00000002
WDTPS2                            00000003
WDTPS3                            00000004
WPUB                              00000095
WPUB0                             00000000
WPUB1                             00000001
WPUB2                             00000002
WPUB3                             00000003
WPUB4                             00000004
WPUB5                             00000005
WPUB6                             00000006
WPUB7                             00000007
WR                                00000001
WREN                              00000002
WRERR                             00000003
WUE                               00000001
Z                                 00000002
_.org_0_0078                      00000078
MPASM 5.81  PRACTICA3 - 3REP_FUNC_ENC_LEDS.A   11-5-2018  18:01:27         PAGE 15


SYMBOL TABLE
  LABEL                             VALUE 

_.org_0_007A                      0000007A
_.org_0_007D                      0000007D
_.org_0_007E                      0000007E
_BOR21V                           00003EFF
_BOR40V                           00003FFF
_BOR4V_BOR21V                     00003EFF
_BOR4V_BOR40V                     00003FFF
_BOREN_NSLEEP                     00003EFF
_BOREN_OFF                        00003CFF
_BOREN_ON                         00003FFF
_BOREN_SBODEN                     00003DFF
_BOR_NSLEEP                       00003EFF
_BOR_OFF                          00003CFF
_BOR_ON                           00003FFF
_BOR_SBODEN                       00003DFF
_CONFIG1                          00002007
_CONFIG2                          00002008
_CPD_OFF                          00003FFF
_CPD_ON                           00003F7F
_CP_OFF                           00003FFF
_CP_ON                            00003FBF
_DEBUG_OFF                        00003FFF
_DEBUG_ON                         00001FFF
_DEVID1                           00002006
_EC_OSC                           00003FFB
_EXTRC                            00003FFF
_EXTRCIO                          00003FFE
_EXTRC_OSC_CLKOUT                 00003FFF
_EXTRC_OSC_NOCLKOUT               00003FFE
_FCMEN_OFF                        000037FF
_FCMEN_ON                         00003FFF
_FOSC_EC                          00003FFB
_FOSC_EXTRC_CLKOUT                00003FFF
_FOSC_EXTRC_NOCLKOUT              00003FFE
_FOSC_HS                          00003FFA
_FOSC_INTRC_CLKOUT                00003FFD
_FOSC_INTRC_NOCLKOUT              00003FFC
_FOSC_LP                          00003FF8
_FOSC_XT                          00003FF9
_HS_OSC                           00003FFA
_IDLOC0                           00002000
_IDLOC1                           00002001
_IDLOC2                           00002002
_IDLOC3                           00002003
_IESO_OFF                         00003BFF
_IESO_ON                          00003FFF
_INTOSC                           00003FFD
_INTOSCIO                         00003FFC
_INTRC_OSC_CLKOUT                 00003FFD
_INTRC_OSC_NOCLKOUT               00003FFC
_LP_OSC                           00003FF8
_LVP_OFF                          00002FFF
_LVP_ON                           00003FFF
MPASM 5.81  PRACTICA3 - 3REP_FUNC_ENC_LEDS.A   11-5-2018  18:01:27         PAGE 16


SYMBOL TABLE
  LABEL                             VALUE 

_MCLRE_OFF                        00003FDF
_MCLRE_ON                         00003FFF
_PWRTE_OFF                        00003FFF
_PWRTE_ON                         00003FEF
_WDTE_OFF                         00003FF7
_WDTE_ON                          00003FFF
_WDT_OFF                          00003FF7
_WDT_ON                           00003FFF
_WRT_1FOURTH                      00003BFF
_WRT_256                          00003DFF
_WRT_HALF                         000039FF
_WRT_OFF                          00003FFF
_XT_OSC                           00003FF9
__16F887                          00000001

Errors   :     0
Warnings :     6 reported,     0 suppressed
Messages :    10 reported,     0 suppressed

