MPASM 5.81      PRACTICA4 - BOTON_INICIO.ASM   11-5-2018  18:02:13         PAGE  1


LOC  OBJECT CODE     LINE SOURCE TEXT
  VALUE

Warning[205]: Found directive in column 1. (INCLUDE)
                      00001 INCLUDE <P16F887.INC>
                      00001         LIST
                      00002 
                      00003 ;==========================================================================
                      00004 ; Build date : Jul 23 2018
                      00005 ;  MPASM PIC16F887 processor include
                      00006 ; 
                      00007 ;  (c) Copyright 1999-2018 Microchip Technology, All rights reserved
                      00008 ;==========================================================================
                      00009 
                      00810         LIST
Warning[205]: Found directive in column 1. (__CONFIG)
Message[303]: Program word too large.  Truncated to core size. (E032)
2007   2032           00002 __CONFIG _CONFIG1,0XE032
Warning[205]: Found directive in column 1. (__CONFIG)
Message[303]: Program word too large.  Truncated to core size. (FEFF)
2008   3EFF           00003 __CONFIG _CONFIG2,0XFEFF
Warning[205]: Found directive in column 1. (CBLOCK)
                      00004 CBLOCK 0X20
  00000020            00005     CONTA
  00000021            00006     CONTB
  00000022            00007     CONTC
  00000023            00008     D1
  00000024            00009     D2
  00000025            00010     D3
                      00011  ENDC
                      00012  ORG 0X00
                      00013  ;----------------- CONFIGURACION REGISTRO --------------
Warning[207]: Found label after column 1. (INICIA)
0000                  00014  INICIA 
0000   1683 1703      00015     BANKSEL  ANSEL
Message[302]: Register in operand not in bank 0.  Ensure that bank bits are correct.
0002   0188           00016     CLRF     ANSEL
Message[302]: Register in operand not in bank 0.  Ensure that bank bits are correct.
0003   0189           00017     CLRF     ANSELH
                      00018 
0004   1683 1303      00019     BANKSEL TRISC
0006   3000           00020     MOVLW H'00'
Message[302]: Register in operand not in bank 0.  Ensure that bank bits are correct.
0007   0087           00021     MOVWF TRISC
0008   1683 1303      00022     BANKSEL TRISD
000A   3004           00023     MOVLW h'04' 
Message[302]: Register in operand not in bank 0.  Ensure that bank bits are correct.
000B   0088           00024     MOVWF TRISD
                      00025     
000C   1283 1303      00026     BANKSEL PORTC ; ME POSICIONO EN LOS PUERTOS
000E   1283 1303      00027     BANKSEL PORTD
                      00028 ;------------------COMIENZO DE MIS INSTRUCCIONES----------------
0010                  00029 MAIN
0010   300F           00030     MOVLW H'0F'
0011   0087           00031     MOVWF PORTC
                      00032     
MPASM 5.81      PRACTICA4 - BOTON_INICIO.ASM   11-5-2018  18:02:13         PAGE  2


LOC  OBJECT CODE     LINE SOURCE TEXT
  VALUE

0012   1D08           00033     BTFSS PORTD, 2
0013   2???           00034     GOTO $-1
                      00035     
0014   2???           00036     CALL SECUENCIA_UNO ;LLAMO MI SECUENCIA UNO
0015   2???           00037     CALL SECUENCIA_DOS ;LLAMO MI SECUENCIA DOS
0016   2???           00038     CALL SECUENCIA_TRES ;LLAMO MI SECUENCIA TRES
                      00039 
Warning[203]: Found opcode in column 1. (GOTO)
0017   2???           00040 GOTO MAIN ; se retorna al MAIN
                      00041 
0018                  00042 SECUENCIA_UNO
0018   300E           00043         MOVLW   H'0E'
0019   0087           00044         MOVWF   PORTC
001A   2???           00045         CALL    RET_50MS
                      00046         
001B   300D           00047         MOVLW   H'0D'
001C   0087           00048         MOVWF   PORTC
001D   2???           00049         CALL    RET_50MS
                      00050         
001E   300B           00051         MOVLW   H'0B'
001F   0087           00052         MOVWF   PORTC
0020   2???           00053         CALL    RET_50MS
                      00054         
0021   3007           00055         MOVLW   H'07'
0022   0087           00056         MOVWF   PORTC
0023   2???           00057         CALL    RET_50MS
                      00058         
0024   301F           00059         MOVLW   H'1F'
0025   0087           00060         MOVWF   PORTC
0026   2???           00061         CALL    RET_50MS
                      00062         
0027   302F           00063         MOVLW   H'2F'
0028   0087           00064         MOVWF   PORTC
0029   2???           00065         CALL    RET_50MS
                      00066         
002A   304F           00067         MOVLW   H'4F'
002B   0087           00068         MOVWF   PORTC
002C   2???           00069         CALL    RET_50MS
                      00070         
002D   308F           00071         MOVLW   H'8F'
002E   0087           00072         MOVWF   PORTC
002F   2???           00073         CALL    RET_50MS
                      00074         
0030   308F           00075         MOVLW   H'8F'
0031   0087           00076         MOVWF   PORTC
0032   2???           00077         CALL    RET_50MS
                      00078         
0033   304F           00079         MOVLW   H'4F'
0034   0087           00080         MOVWF   PORTC
0035   2???           00081         CALL    RET_50MS
                      00082         
0036   302F           00083         MOVLW   H'2F'
0037   0087           00084         MOVWF   PORTC
MPASM 5.81      PRACTICA4 - BOTON_INICIO.ASM   11-5-2018  18:02:13         PAGE  3


LOC  OBJECT CODE     LINE SOURCE TEXT
  VALUE

0038   2???           00085         CALL    RET_50MS
                      00086         
0039   301F           00087         MOVLW   H'1F'
003A   0087           00088         MOVWF   PORTC
003B   2???           00089         CALL    RET_50MS
                      00090         
003C   3007           00091         MOVLW   H'07'
003D   0087           00092         MOVWF   PORTC
003E   2???           00093         CALL    RET_50MS
                      00094         
003F   300B           00095         MOVLW   H'0B'
0040   0087           00096         MOVWF   PORTC
0041   2???           00097         CALL    RET_50MS
                      00098         
0042   300D           00099         MOVLW   H'0D'
0043   0087           00100         MOVWF   PORTC
0044   2???           00101         CALL    RET_50MS
                      00102         
0045   300E           00103         MOVLW   H'0E'
0046   0087           00104         MOVWF   PORTC
0047   2???           00105         CALL    RET_50MS
                      00106 
0048   0008           00107         RETURN ;FIN SECUENCIA_UNO
                      00108 
0049                  00109 SECUENCIA_DOS
0049   3017           00110         MOVLW   H'17'
004A   0087           00111         MOVWF   PORTC
004B   2???           00112         CALL    RET_50MS
                      00113         
004C   302B           00114         MOVLW   H'2B'
004D   0087           00115         MOVWF   PORTC
004E   2???           00116         CALL    RET_50MS
                      00117         
004F   304D           00118         MOVLW   H'4D'
0050   0087           00119         MOVWF   PORTC
0051   2???           00120         CALL    RET_50MS
                      00121         
0052   308E           00122         MOVLW   H'8E'
0053   0087           00123         MOVWF   PORTC
0054   2???           00124         CALL    RET_50MS
                      00125         
0055   0008           00126         RETURN ;FIN SECUENCIA_DOS
                      00127 
0056                  00128 SECUENCIA_TRES
0056   30F0           00129         MOVLW   H'F0'
0057   0087           00130         MOVWF   PORTC
0058   2???           00131         CALL    RET_50MS
                      00132         
0059   3070           00133         MOVLW   H'70'
005A   0087           00134         MOVWF   PORTC
005B   2???           00135         CALL    RET_50MS
                      00136         
005C   3030           00137         MOVLW   H'30'
MPASM 5.81      PRACTICA4 - BOTON_INICIO.ASM   11-5-2018  18:02:13         PAGE  4


LOC  OBJECT CODE     LINE SOURCE TEXT
  VALUE

005D   0087           00138         MOVWF   PORTC
005E   2???           00139         CALL    RET_50MS
                      00140         
005F   3010           00141         MOVLW   H'10'
0060   0087           00142         MOVWF   PORTC
0061   2???           00143         CALL    RET_50MS
                      00144         
0062   3008           00145         MOVLW   H'08'
0063   0087           00146         MOVWF   PORTC
0064   2???           00147         CALL    RET_50MS
                      00148         
0065   300C           00149         MOVLW   H'0C'
0066   0087           00150         MOVWF   PORTC
0067   2???           00151         CALL    RET_50MS
                      00152         
0068   300E           00153         MOVLW   H'0E'
0069   0087           00154         MOVWF   PORTC
006A   2???           00155         CALL    RET_50MS
                      00156         
006B   300F           00157         MOVLW   H'0F'
006C   0087           00158         MOVWF   PORTC
006D   2???           00159         CALL    RET_50MS
                      00160         
006E   0008           00161         RETURN ;FIN SECUENCIA_TRES
                      00162 
                      00163 ;RETARDO DE 50MS
006F                  00164 RET_50MS 
                      00165                                      ;749992 CYCLES
006F   3085           00166     MOVLW    0x85
0070   00A3           00167     MOVWF    D1
0071   30A3           00168     MOVLW    0XA3
0072   00A4           00169     MOVWF    D2
0073   3002           00170     MOVLW    0X02
0074   00A5           00171     MOVWF    D3
0075                  00172 DELAY_0
0075   0BA3           00173     DECFSZ   D1,F
0076   2???           00174     GOTO     $+2
0077   0BA4           00175     DECFSZ   D2,F
0078   2???           00176         GOTO     $+2
0079   0BA5           00177         DECFSZ   D3,F
007A   2???           00178     GOTO     DELAY_0
                      00179                      ;4 CYCLES
007B   2???           00180     GOTO     $+1
007C   2???           00181     GOTO     $+1
                      00182                                          ;4 CYCLES (INCLUDING CALL)
007D   0008           00183     RETURN
Message[303]: Program word too large.  Truncated to core size. (E032)
Message[303]: Program word too large.  Truncated to core size. (FEFF)
2032 3EFF             00184         END
MPASM 5.81      PRACTICA4 - BOTON_INICIO.ASM   11-5-2018  18:02:13         PAGE  5


SYMBOL TABLE
  LABEL                             VALUE 

ABDEN                             00000000
ABDOVF                            00000007
ACKDT                             00000005
ACKEN                             00000004
ACKSTAT                           00000006
ADCON0                            0000001F
ADCON1                            0000009F
ADCS0                             00000006
ADCS1                             00000007
ADDEN                             00000003
ADFM                              00000007
ADIE                              00000006
ADIF                              00000006
ADON                              00000000
ADRESH                            0000001E
ADRESL                            0000009E
ANS0                              00000000
ANS1                              00000001
ANS10                             00000002
ANS11                             00000003
ANS12                             00000004
ANS13                             00000005
ANS2                              00000002
ANS3                              00000003
ANS4                              00000004
ANS5                              00000005
ANS6                              00000006
ANS7                              00000007
ANS8                              00000000
ANS9                              00000001
ANSEL                             00000188
ANSELH                            00000189
BAUDCTL                           00000187
BCLIE                             00000003
BCLIF                             00000003
BF                                00000000
BRG0                              00000000
BRG1                              00000001
BRG10                             00000002
BRG11                             00000003
BRG12                             00000004
BRG13                             00000005
BRG14                             00000006
BRG15                             00000007
BRG16                             00000003
BRG2                              00000002
BRG3                              00000003
BRG4                              00000004
BRG5                              00000005
BRG6                              00000006
BRG7                              00000007
BRG8                              00000000
BRG9                              00000001
MPASM 5.81      PRACTICA4 - BOTON_INICIO.ASM   11-5-2018  18:02:13         PAGE  6


SYMBOL TABLE
  LABEL                             VALUE 

BRGH                              00000002
C                                 00000000
C1CH0                             00000000
C1CH1                             00000001
C1IE                              00000005
C1IF                              00000005
C1OE                              00000005
C1ON                              00000007
C1OUT                             00000006
C1POL                             00000004
C1R                               00000002
C1RSEL                            00000005
C1SEN                             00000005
C2CH0                             00000000
C2CH1                             00000001
C2IE                              00000006
C2IF                              00000006
C2OE                              00000005
C2ON                              00000007
C2OUT                             00000006
C2POL                             00000004
C2R                               00000002
C2REN                             00000004
C2RSEL                            00000004
C2SYNC                            00000000
CCP1CON                           00000017
CCP1IE                            00000002
CCP1IF                            00000002
CCP1M0                            00000000
CCP1M1                            00000001
CCP1M2                            00000002
CCP1M3                            00000003
CCP1X                             00000005
CCP1Y                             00000004
CCP2CON                           0000001D
CCP2IE                            00000000
CCP2IF                            00000000
CCP2M0                            00000000
CCP2M1                            00000001
CCP2M2                            00000002
CCP2M3                            00000003
CCP2X                             00000005
CCP2Y                             00000004
CCPR1                             00000015
CCPR1H                            00000016
CCPR1L                            00000015
CCPR2                             0000001B
CCPR2H                            0000001C
CCPR2L                            0000001B
CHS0                              00000002
CHS1                              00000003
CHS2                              00000004
CHS3                              00000005
MPASM 5.81      PRACTICA4 - BOTON_INICIO.ASM   11-5-2018  18:02:13         PAGE  7


SYMBOL TABLE
  LABEL                             VALUE 

CKE                               00000006
CKP                               00000004
CM1CON0                           00000107
CM2CON0                           00000108
CM2CON1                           00000109
CONTA                             00000020
CONTB                             00000021
CONTC                             00000022
CREN                              00000004
CSRC                              00000007
D                                 00000005
D1                                00000023
D2                                00000024
D3                                00000025
DATA_ADDRESS                      00000005
DC                                00000001
DC1B0                             00000004
DC1B1                             00000005
DC2B0                             00000004
DC2B1                             00000005
DELAY_0                           00000075
D_A                               00000005
D_NOT_A                           00000005
ECCPAS                            0000009C
ECCPAS0                           00000004
ECCPAS1                           00000005
ECCPAS2                           00000006
ECCPASE                           00000007
EEADR                             0000010D
EEADRH                            0000010F
EECON1                            0000018C
EECON2                            0000018D
EEDAT                             0000010C
EEDATA                            0000010C
EEDATH                            0000010E
EEIE                              00000004
EEIF                              00000004
EEPGD                             00000007
F                                 00000001
FERR                              00000002
FSR                               00000004
FVREN                             00000000
GCEN                              00000007
GIE                               00000007
GO                                00000001
GO_DONE                           00000001
GO_NOT_DONE                       00000001
HTS                               00000002
I2C_DATA                          00000005
I2C_READ                          00000002
I2C_START                         00000003
I2C_STOP                          00000004
INDF                              00000000
MPASM 5.81      PRACTICA4 - BOTON_INICIO.ASM   11-5-2018  18:02:13         PAGE  8


SYMBOL TABLE
  LABEL                             VALUE 

INICIA                            00000000
INTCON                            0000000B
INTE                              00000004
INTEDG                            00000006
INTF                              00000001
IOCB                              00000096
IOCB0                             00000000
IOCB1                             00000001
IOCB2                             00000002
IOCB3                             00000003
IOCB4                             00000004
IOCB5                             00000005
IOCB6                             00000006
IOCB7                             00000007
IRCF0                             00000004
IRCF1                             00000005
IRCF2                             00000006
IRP                               00000007
LTS                               00000001
MAIN                              00000010
MC1OUT                            00000007
MC2OUT                            00000006
MSK                               00000093
MSK0                              00000000
MSK1                              00000001
MSK2                              00000002
MSK3                              00000003
MSK4                              00000004
MSK5                              00000005
MSK6                              00000006
MSK7                              00000007
NOT_A                             00000005
NOT_ADDRESS                       00000005
NOT_BO                            00000000
NOT_BOR                           00000000
NOT_DONE                          00000001
NOT_PD                            00000003
NOT_POR                           00000001
NOT_RBPU                          00000007
NOT_RC8                           00000006
NOT_T1SYNC                        00000002
NOT_TO                            00000004
NOT_TX8                           00000006
NOT_W                             00000002
NOT_WRITE                         00000002
OERR                              00000001
OPTION_REG                        00000081
OSCCON                            0000008F
OSCTUNE                           00000090
OSFIE                             00000007
OSFIF                             00000007
OSTS                              00000003
P                                 00000004
MPASM 5.81      PRACTICA4 - BOTON_INICIO.ASM   11-5-2018  18:02:13         PAGE  9


SYMBOL TABLE
  LABEL                             VALUE 

P1M0                              00000006
P1M1                              00000007
PCL                               00000002
PCLATH                            0000000A
PCON                              0000008E
PDC0                              00000000
PDC1                              00000001
PDC2                              00000002
PDC3                              00000003
PDC4                              00000004
PDC5                              00000005
PDC6                              00000006
PEIE                              00000006
PEN                               00000002
PIE1                              0000008C
PIE2                              0000008D
PIR1                              0000000C
PIR2                              0000000D
PORTA                             00000005
PORTB                             00000006
PORTC                             00000007
PORTD                             00000008
PORTE                             00000009
PR2                               00000092
PRSEN                             00000007
PS0                               00000000
PS1                               00000001
PS2                               00000002
PSA                               00000003
PSSAC0                            00000002
PSSAC1                            00000003
PSSBD0                            00000000
PSSBD1                            00000001
PSTRCON                           0000009D
PULSR                             00000002
PULSS                             00000003
PWM1CON                           0000009B
R                                 00000002
RA0                               00000000
RA1                               00000001
RA2                               00000002
RA3                               00000003
RA4                               00000004
RA5                               00000005
RA6                               00000006
RA7                               00000007
RB0                               00000000
RB1                               00000001
RB2                               00000002
RB3                               00000003
RB4                               00000004
RB5                               00000005
RB6                               00000006
MPASM 5.81      PRACTICA4 - BOTON_INICIO.ASM   11-5-2018  18:02:13         PAGE 10


SYMBOL TABLE
  LABEL                             VALUE 

RB7                               00000007
RBIE                              00000003
RBIF                              00000000
RC0                               00000000
RC1                               00000001
RC2                               00000002
RC3                               00000003
RC4                               00000004
RC5                               00000005
RC6                               00000006
RC7                               00000007
RC8_9                             00000006
RC9                               00000006
RCD8                              00000000
RCEN                              00000003
RCIDL                             00000006
RCIE                              00000005
RCIF                              00000005
RCREG                             0000001A
RCSTA                             00000018
RD                                00000000
RD0                               00000000
RD1                               00000001
RD2                               00000002
RD3                               00000003
RD4                               00000004
RD5                               00000005
RD6                               00000006
RD7                               00000007
RE0                               00000000
RE1                               00000001
RE2                               00000002
RE3                               00000003
READ_WRITE                        00000002
RET_50MS                          0000006F
RP0                               00000005
RP1                               00000006
RSEN                              00000001
RX9                               00000006
RX9D                              00000000
R_NOT_W                           00000002
R_W                               00000002
S                                 00000003
SBOREN                            00000004
SCKP                              00000004
SCS                               00000000
SECUENCIA_DOS                     00000049
SECUENCIA_TRES                    00000056
SECUENCIA_UNO                     00000018
SEN                               00000000
SENDB                             00000003
SMP                               00000007
SPBRG                             00000099
MPASM 5.81      PRACTICA4 - BOTON_INICIO.ASM   11-5-2018  18:02:13         PAGE 11


SYMBOL TABLE
  LABEL                             VALUE 

SPBRGH                            0000009A
SPEN                              00000007
SR0                               00000006
SR1                               00000007
SRCON                             00000185
SREN                              00000005
SSPADD                            00000093
SSPBUF                            00000013
SSPCON                            00000014
SSPCON2                           00000091
SSPEN                             00000005
SSPIE                             00000003
SSPIF                             00000003
SSPM0                             00000000
SSPM1                             00000001
SSPM2                             00000002
SSPM3                             00000003
SSPMSK                            00000093
SSPOV                             00000006
SSPSTAT                           00000094
STATUS                            00000003
STRA                              00000000
STRB                              00000001
STRC                              00000002
STRD                              00000003
STRSYNC                           00000004
SWDTEN                            00000000
SYNC                              00000004
T0CS                              00000005
T0IE                              00000005
T0IF                              00000002
T0SE                              00000004
T1CKPS0                           00000004
T1CKPS1                           00000005
T1CON                             00000010
T1GINV                            00000007
T1GIV                             00000007
T1GSS                             00000001
T1INSYNC                          00000002
T1OSCEN                           00000003
T1SYNC                            00000002
T2CKPS0                           00000000
T2CKPS1                           00000001
T2CON                             00000012
TMR0                              00000001
TMR0IE                            00000005
TMR0IF                            00000002
TMR1                              0000000E
TMR1CS                            00000001
TMR1GE                            00000006
TMR1H                             0000000F
TMR1IE                            00000000
TMR1IF                            00000000
MPASM 5.81      PRACTICA4 - BOTON_INICIO.ASM   11-5-2018  18:02:13         PAGE 12


SYMBOL TABLE
  LABEL                             VALUE 

TMR1L                             0000000E
TMR1ON                            00000000
TMR2                              00000011
TMR2IE                            00000001
TMR2IF                            00000001
TMR2ON                            00000002
TOUTPS0                           00000003
TOUTPS1                           00000004
TOUTPS2                           00000005
TOUTPS3                           00000006
TRISA                             00000085
TRISA0                            00000000
TRISA1                            00000001
TRISA2                            00000002
TRISA3                            00000003
TRISA4                            00000004
TRISA5                            00000005
TRISA6                            00000006
TRISA7                            00000007
TRISB                             00000086
TRISB0                            00000000
TRISB1                            00000001
TRISB2                            00000002
TRISB3                            00000003
TRISB4                            00000004
TRISB5                            00000005
TRISB6                            00000006
TRISB7                            00000007
TRISC                             00000087
TRISC0                            00000000
TRISC1                            00000001
TRISC2                            00000002
TRISC3                            00000003
TRISC4                            00000004
TRISC5                            00000005
TRISC6                            00000006
TRISC7                            00000007
TRISD                             00000088
TRISD0                            00000000
TRISD1                            00000001
TRISD2                            00000002
TRISD3                            00000003
TRISD4                            00000004
TRISD5                            00000005
TRISD6                            00000006
TRISD7                            00000007
TRISE                             00000089
TRISE0                            00000000
TRISE1                            00000001
TRISE2                            00000002
TRISE3                            00000003
TRMT                              00000001
TUN0                              00000000
MPASM 5.81      PRACTICA4 - BOTON_INICIO.ASM   11-5-2018  18:02:13         PAGE 13


SYMBOL TABLE
  LABEL                             VALUE 

TUN1                              00000001
TUN2                              00000002
TUN3                              00000003
TUN4                              00000004
TX8_9                             00000006
TX9                               00000006
TX9D                              00000000
TXD8                              00000000
TXEN                              00000005
TXIE                              00000004
TXIF                              00000004
TXREG                             00000019
TXSTA                             00000098
UA                                00000001
ULPWUE                            00000005
ULPWUIE                           00000002
ULPWUIF                           00000002
VCFG0                             00000004
VCFG1                             00000005
VR0                               00000000
VR1                               00000001
VR2                               00000002
VR3                               00000003
VRCON                             00000097
VREN                              00000007
VROE                              00000006
VRR                               00000005
VRSS                              00000004
W                                 00000000
WCOL                              00000007
WDTCON                            00000105
WDTPS0                            00000001
WDTPS1                            00000002
WDTPS2                            00000003
WDTPS3                            00000004
WPUB                              00000095
WPUB0                             00000000
WPUB1                             00000001
WPUB2                             00000002
WPUB3                             00000003
WPUB4                             00000004
WPUB5                             00000005
WPUB6                             00000006
WPUB7                             00000007
WR                                00000001
WREN                              00000002
WRERR                             00000003
WUE                               00000001
Z                                 00000002
_.org_0_0013                      00000013
_.org_0_0076                      00000076
_.org_0_0078                      00000078
_.org_0_007B                      0000007B
MPASM 5.81      PRACTICA4 - BOTON_INICIO.ASM   11-5-2018  18:02:13         PAGE 14


SYMBOL TABLE
  LABEL                             VALUE 

_.org_0_007C                      0000007C
_BOR21V                           00003EFF
_BOR40V                           00003FFF
_BOR4V_BOR21V                     00003EFF
_BOR4V_BOR40V                     00003FFF
_BOREN_NSLEEP                     00003EFF
_BOREN_OFF                        00003CFF
_BOREN_ON                         00003FFF
_BOREN_SBODEN                     00003DFF
_BOR_NSLEEP                       00003EFF
_BOR_OFF                          00003CFF
_BOR_ON                           00003FFF
_BOR_SBODEN                       00003DFF
_CONFIG1                          00002007
_CONFIG2                          00002008
_CPD_OFF                          00003FFF
_CPD_ON                           00003F7F
_CP_OFF                           00003FFF
_CP_ON                            00003FBF
_DEBUG_OFF                        00003FFF
_DEBUG_ON                         00001FFF
_DEVID1                           00002006
_EC_OSC                           00003FFB
_EXTRC                            00003FFF
_EXTRCIO                          00003FFE
_EXTRC_OSC_CLKOUT                 00003FFF
_EXTRC_OSC_NOCLKOUT               00003FFE
_FCMEN_OFF                        000037FF
_FCMEN_ON                         00003FFF
_FOSC_EC                          00003FFB
_FOSC_EXTRC_CLKOUT                00003FFF
_FOSC_EXTRC_NOCLKOUT              00003FFE
_FOSC_HS                          00003FFA
_FOSC_INTRC_CLKOUT                00003FFD
_FOSC_INTRC_NOCLKOUT              00003FFC
_FOSC_LP                          00003FF8
_FOSC_XT                          00003FF9
_HS_OSC                           00003FFA
_IDLOC0                           00002000
_IDLOC1                           00002001
_IDLOC2                           00002002
_IDLOC3                           00002003
_IESO_OFF                         00003BFF
_IESO_ON                          00003FFF
_INTOSC                           00003FFD
_INTOSCIO                         00003FFC
_INTRC_OSC_CLKOUT                 00003FFD
_INTRC_OSC_NOCLKOUT               00003FFC
_LP_OSC                           00003FF8
_LVP_OFF                          00002FFF
_LVP_ON                           00003FFF
_MCLRE_OFF                        00003FDF
_MCLRE_ON                         00003FFF
MPASM 5.81      PRACTICA4 - BOTON_INICIO.ASM   11-5-2018  18:02:13         PAGE 15


SYMBOL TABLE
  LABEL                             VALUE 

_PWRTE_OFF                        00003FFF
_PWRTE_ON                         00003FEF
_WDTE_OFF                         00003FF7
_WDTE_ON                          00003FFF
_WDT_OFF                          00003FF7
_WDT_ON                           00003FFF
_WRT_1FOURTH                      00003BFF
_WRT_256                          00003DFF
_WRT_HALF                         000039FF
_WRT_OFF                          00003FFF
_XT_OSC                           00003FF9
__16F887                          00000001

Errors   :     0
Warnings :     6 reported,     0 suppressed
Messages :     8 reported,     0 suppressed

