MPASM 5.81         PRACTICA1-LEDSGRANDES.ASM   11-6-2018  17:34:26         PAGE  1


LOC  OBJECT CODE     LINE SOURCE TEXT
  VALUE

Warning[205]: Found directive in column 1. (LIST)
                      00001 LIST P = 16F887
Warning[205]: Found directive in column 1. (INCLUDE)
                      00002 INCLUDE <P16F887.INC>
                      00001         LIST
                      00002 
                      00003 ;==========================================================================
                      00004 ; Build date : Jul 23 2018
                      00005 ;  MPASM PIC16F887 processor include
                      00006 ; 
                      00007 ;  (c) Copyright 1999-2018 Microchip Technology, All rights reserved
                      00008 ;==========================================================================
                      00009 
                      00810         LIST
Warning[205]: Found directive in column 1. (__CONFIG)
Message[303]: Program word too large.  Truncated to core size. (E032)
2007   2032           00003 __CONFIG _CONFIG1,0XE032
Warning[205]: Found directive in column 1. (__CONFIG)
Message[303]: Program word too large.  Truncated to core size. (FEFF)
2008   3EFF           00004 __CONFIG _CONFIG2,0XFEFF
Warning[205]: Found directive in column 1. (CBLOCK)
                      00005 CBLOCK 0X20
  00000020            00006     CONTA
  00000021            00007     CONTB
  00000022            00008     CONTC
  00000023            00009     D1
  00000024            00010     D2
  00000025            00011     D3
                      00012  ENDC
                      00013  ORG 0X00
                      00014  ;----------------- CONFIGURACION REGISTRO --------------
Warning[207]: Found label after column 1. (INICIA)
0000                  00015  INICIA 
0000   1683 1703      00016     BANKSEL  ANSEL
Message[302]: Register in operand not in bank 0.  Ensure that bank bits are correct.
0002   0188           00017     CLRF     ANSEL
Message[302]: Register in operand not in bank 0.  Ensure that bank bits are correct.
0003   0189           00018     CLRF     ANSELH
                      00019 
0004   1683 1303      00020     BANKSEL TRISC
0006   3000           00021     MOVLW H'00'
Message[302]: Register in operand not in bank 0.  Ensure that bank bits are correct.
0007   0087           00022     MOVWF TRISC
                      00023 
0008   1683 1303      00024     BANKSEL TRISD
000A   3000           00025     MOVLW H'00'
Message[302]: Register in operand not in bank 0.  Ensure that bank bits are correct.
000B   0088           00026     MOVWF TRISD
                      00027     
000C   1283 1303      00028     BANKSEL PORTC ; ME POSICIONO EN LOS PUERTOS
000E   1283 1303      00029     BANKSEL PORTD ; ME POSICIONO EN LOS PUERTOS
                      00030 ;------------------COMIENZO DE MIS INSTRUCCIONES----------------
0010                  00031 MAIN
MPASM 5.81         PRACTICA1-LEDSGRANDES.ASM   11-6-2018  17:34:26         PAGE  2


LOC  OBJECT CODE     LINE SOURCE TEXT
  VALUE

0010   30FF           00032     MOVLW H'FF'
0011   00A0           00033     MOVWF CONTA
0012   30FF           00034     MOVLW H'FF'
0013   00A1           00035     MOVWF CONTB
0014   30FF           00036     MOVLW H'FF'
0015   00A2           00037     MOVWF CONTC
                      00038     
0016                  00039 FOR1
0016   2???           00040     CALL SECUENCIA_HOLA
Message[305]: Using default destination of 1 (file).
0017   0BA0           00041     DECFSZ CONTA
0018   2???           00042     GOTO FOR1
                      00043     
0019                  00044 FOR2
0019   2???           00045     CALL SECUENCIA_POZA
Message[305]: Using default destination of 1 (file).
001A   0BA1           00046     DECFSZ CONTB
001B   2???           00047     GOTO FOR2
                      00048     
001C                  00049 FOR3
001C   2???           00050     CALL SECUENCIA_RICA
Message[305]: Using default destination of 1 (file).
001D   0BA2           00051     DECFSZ CONTC
001E   2???           00052     GOTO FOR3
                      00053     
Warning[203]: Found opcode in column 1. (GOTO)
001F   2???           00054 GOTO MAIN ; se retorna al MAIN
                      00055 
0020                  00056 SECUENCIA_HOLA
0020   3001           00057     MOVLW H'01'
0021   0088           00058     MOVWF PORTD
0022   2???           00059     CALL SECUENCIA_H
0023   2???           00060     CALL RET_0001
0024   2???           00061     CALL SEC_APAGADO_DIG
                      00062     
0025   3002           00063     MOVLW H'02'
0026   0088           00064     MOVWF PORTD
0027   2???           00065     CALL SECUENCIA_O
0028   2???           00066     CALL RET_0001
0029   2???           00067     CALL SEC_APAGADO_DIG
                      00068     
002A   3004           00069     MOVLW H'04'
002B   0088           00070     MOVWF PORTD
002C   2???           00071     CALL SECUENCIA_L
002D   2???           00072     CALL RET_0001
002E   2???           00073     CALL SEC_APAGADO_DIG
                      00074     
002F   3008           00075     MOVLW H'08'
0030   0088           00076     MOVWF PORTD
0031   2???           00077     CALL SECUENCIA_A
0032   2???           00078     CALL RET_0001
                      00079     
0033   2???           00080     CALL SEC_APAGADO_DIG
MPASM 5.81         PRACTICA1-LEDSGRANDES.ASM   11-6-2018  17:34:26         PAGE  3


LOC  OBJECT CODE     LINE SOURCE TEXT
  VALUE

                      00081     
0034   0008           00082     RETURN
0035                  00083 SECUENCIA_POZA
0035   3001           00084     MOVLW H'01'
0036   0088           00085     MOVWF PORTD
0037   2???           00086     CALL SECUENCIA_P
0038   2???           00087     CALL RET_0001
0039   2???           00088     CALL SEC_APAGADO_DIG
                      00089     
003A   3002           00090     MOVLW H'02'
003B   0088           00091     MOVWF PORTD
003C   2???           00092     CALL SECUENCIA_O
003D   2???           00093     CALL RET_0001
003E   2???           00094     CALL SEC_APAGADO_DIG
                      00095     
003F   3004           00096     MOVLW H'04'
0040   0088           00097     MOVWF PORTD
0041   2???           00098     CALL SECUENCIA_Z
0042   2???           00099     CALL RET_0001
0043   2???           00100     CALL SEC_APAGADO_DIG
                      00101     
0044   3008           00102     MOVLW H'08'
0045   0088           00103     MOVWF PORTD
0046   2???           00104     CALL SECUENCIA_A
0047   2???           00105     CALL RET_0001
                      00106     
0048   2???           00107     CALL SEC_APAGADO_DIG
                      00108     
0049   0008           00109     RETURN
                      00110 
004A                  00111 SECUENCIA_RICA
004A   3001           00112     MOVLW H'01'
004B   0088           00113     MOVWF PORTD
004C   2???           00114     CALL SECUENCIA_A
004D   2???           00115     CALL RET_0001
004E   2???           00116     CALL SEC_APAGADO_DIG
                      00117     
004F   3002           00118     MOVLW H'02'
0050   0088           00119     MOVWF PORTD
0051   2???           00120     CALL SECUENCIA_I
0052   2???           00121     CALL RET_0001
0053   2???           00122     CALL SEC_APAGADO_DIG
                      00123     
0054   3004           00124     MOVLW H'04'
0055   0088           00125     MOVWF PORTD
0056   2???           00126     CALL SECUENCIA_C
0057   2???           00127     CALL RET_0001
0058   2???           00128     CALL SEC_APAGADO_DIG
                      00129     
0059   3008           00130     MOVLW H'08'
005A   0088           00131     MOVWF PORTD
005B   2???           00132     CALL SECUENCIA_A
005C   2???           00133     CALL RET_0001
MPASM 5.81         PRACTICA1-LEDSGRANDES.ASM   11-6-2018  17:34:26         PAGE  4


LOC  OBJECT CODE     LINE SOURCE TEXT
  VALUE

                      00134     
005D   2???           00135     CALL SEC_APAGADO_DIG
                      00136     
005E   0008           00137     RETURN
                      00138    
005F                  00139 SEC_APAGADO_LED
005F   30FF           00140     MOVLW H'FF'
0060   0087           00141     MOVWF PORTC
0061   0008           00142     RETURN
0062                  00143 SEC_APAGADO_DIG
0062   30FF           00144     MOVLW H'FF'
0063   0088           00145     MOVWF PORTD
0064   0008           00146     RETURN
0065                  00147 SECUENCIA_H
0065   3089           00148     MOVLW H'89'
0066   0087           00149     MOVWF PORTC
0067   2???           00150     CALL RET_0001
0068   0008           00151     RETURN
0069                  00152 SECUENCIA_O
0069   30C0           00153     MOVLW H'C0'
006A   0087           00154     MOVWF PORTC
006B   2???           00155     CALL RET_0001
006C   0008           00156     RETURN
006D                  00157 SECUENCIA_L
006D   30C7           00158     MOVLW H'C7'
006E   0087           00159     MOVWF PORTC
006F   2???           00160     CALL RET_0001
0070   0008           00161     RETURN
0071                  00162 SECUENCIA_A
0071   3088           00163     MOVLW H'88'
0072   0087           00164     MOVWF PORTC
0073   2???           00165     CALL RET_0001
0074   0008           00166     RETURN
0075                  00167 SECUENCIA_P
0075   308C           00168     MOVLW H'8C'
0076   0087           00169     MOVWF PORTC
0077   2???           00170     CALL RET_0001
0078   0008           00171     RETURN
0079                  00172 SECUENCIA_Z
0079   30A4           00173     MOVLW H'A4'
007A   0087           00174     MOVWF PORTC
007B   2???           00175     CALL RET_0001
007C   0008           00176     RETURN
007D                  00177 SECUENCIA_I
007D   30CF           00178     MOVLW H'CF'
007E   0087           00179     MOVWF PORTC
007F   2???           00180     CALL RET_0001
0080   0008           00181     RETURN
0081                  00182 SECUENCIA_C
0081   30C6           00183     MOVLW H'C6'
0082   0087           00184     MOVWF PORTC
0083   2???           00185     CALL RET_0001
0084   0008           00186     RETURN
MPASM 5.81         PRACTICA1-LEDSGRANDES.ASM   11-6-2018  17:34:26         PAGE  5


LOC  OBJECT CODE     LINE SOURCE TEXT
  VALUE

                      00187     
0085                  00188 SECUENCIA_B
0085   30FF           00189     MOVLW H'FF'
0086   0807           00190     MOVFW PORTC
0087   2???           00191     CALL RET_0001
0088   0008           00192     RETURN
                      00193     
Warning[207]: Found label after column 1. (SECUENCIA_E)
0089                  00194  SECUENCIA_E
0089   3079           00195     MOVLW H'79'
008A   0807           00196     MOVFW PORTC
008B   2???           00197     CALL RET_0001
008C   0008           00198     RETURN
                      00199  
                      00200 ;RETARDO DE 50MS  
008D                  00201 RET_50MS 
                      00202                                      ;749992 CYCLES
008D   3085           00203     MOVLW    0x85
008E   00A3           00204     MOVWF    D1
008F   30A3           00205     MOVLW    0XA3
0090   00A4           00206     MOVWF    D2
0091   3002           00207     MOVLW    0X02
0092   00A5           00208     MOVWF    D3
0093                  00209 DELAY_0
0093   0BA3           00210     DECFSZ   D1,F
0094   2???           00211     GOTO     $+2
0095   0BA4           00212     DECFSZ   D2,F
0096   2???           00213         GOTO     $+2
0097   0BA5           00214         DECFSZ   D3,F
0098   2???           00215     GOTO     DELAY_0
                      00216                      ;4 CYCLES
0099   2???           00217     GOTO     $+1
009A   2???           00218     GOTO     $+1
                      00219                                          ;4 CYCLES (INCLUDING CALL)
009B   0008           00220     RETURN
009C                  00221 DELAY_10MS
                      00222                         ;499994 cycles
009C   3003           00223         movlw   0x03
009D   00A3           00224         movwf   D1
009E   3018           00225         movlw   0x18
009F   00A4           00226         movwf   D2
00A0   3002           00227         movlw   0x02
00A1   00A5           00228         movwf   D3
00A2                  00229 DELAY_10MS_0
00A2   0BA3           00230         decfsz  D1, f
00A3   2???           00231         goto    $+2
00A4   0BA4           00232         decfsz  D2, f
00A5   2???           00233         goto    $+2
00A6   0BA5           00234         decfsz  D3, f
00A7   2???           00235         goto    DELAY_10MS_0
                      00236                         ;2 cycles
00A8   2???           00237         goto    $+1
                      00238                         ;4 cycles (including call)
MPASM 5.81         PRACTICA1-LEDSGRANDES.ASM   11-6-2018  17:34:26         PAGE  6


LOC  OBJECT CODE     LINE SOURCE TEXT
  VALUE

00A9   0008           00239         return
                      00240 
00AA                  00241 RET_0001
                      00242                         ;496 cycles
00AA   30A5           00243         movlw   0xA5
00AB   00A3           00244         movwf   D1
00AC                  00245 RET_0001_0
00AC   0BA3           00246         decfsz  D1, f
00AD   2???           00247         goto    RET_0001_0
                      00248                         ;4 cycles (including call)
00AE   0008           00249         return
Message[303]: Program word too large.  Truncated to core size. (E032)
Message[303]: Program word too large.  Truncated to core size. (FEFF)
2032 3EFF             00250         END
MPASM 5.81         PRACTICA1-LEDSGRANDES.ASM   11-6-2018  17:34:26         PAGE  7


SYMBOL TABLE
  LABEL                             VALUE 

ABDEN                             00000000
ABDOVF                            00000007
ACKDT                             00000005
ACKEN                             00000004
ACKSTAT                           00000006
ADCON0                            0000001F
ADCON1                            0000009F
ADCS0                             00000006
ADCS1                             00000007
ADDEN                             00000003
ADFM                              00000007
ADIE                              00000006
ADIF                              00000006
ADON                              00000000
ADRESH                            0000001E
ADRESL                            0000009E
ANS0                              00000000
ANS1                              00000001
ANS10                             00000002
ANS11                             00000003
ANS12                             00000004
ANS13                             00000005
ANS2                              00000002
ANS3                              00000003
ANS4                              00000004
ANS5                              00000005
ANS6                              00000006
ANS7                              00000007
ANS8                              00000000
ANS9                              00000001
ANSEL                             00000188
ANSELH                            00000189
BAUDCTL                           00000187
BCLIE                             00000003
BCLIF                             00000003
BF                                00000000
BRG0                              00000000
BRG1                              00000001
BRG10                             00000002
BRG11                             00000003
BRG12                             00000004
BRG13                             00000005
BRG14                             00000006
BRG15                             00000007
BRG16                             00000003
BRG2                              00000002
BRG3                              00000003
BRG4                              00000004
BRG5                              00000005
BRG6                              00000006
BRG7                              00000007
BRG8                              00000000
BRG9                              00000001
MPASM 5.81         PRACTICA1-LEDSGRANDES.ASM   11-6-2018  17:34:26         PAGE  8


SYMBOL TABLE
  LABEL                             VALUE 

BRGH                              00000002
C                                 00000000
C1CH0                             00000000
C1CH1                             00000001
C1IE                              00000005
C1IF                              00000005
C1OE                              00000005
C1ON                              00000007
C1OUT                             00000006
C1POL                             00000004
C1R                               00000002
C1RSEL                            00000005
C1SEN                             00000005
C2CH0                             00000000
C2CH1                             00000001
C2IE                              00000006
C2IF                              00000006
C2OE                              00000005
C2ON                              00000007
C2OUT                             00000006
C2POL                             00000004
C2R                               00000002
C2REN                             00000004
C2RSEL                            00000004
C2SYNC                            00000000
CCP1CON                           00000017
CCP1IE                            00000002
CCP1IF                            00000002
CCP1M0                            00000000
CCP1M1                            00000001
CCP1M2                            00000002
CCP1M3                            00000003
CCP1X                             00000005
CCP1Y                             00000004
CCP2CON                           0000001D
CCP2IE                            00000000
CCP2IF                            00000000
CCP2M0                            00000000
CCP2M1                            00000001
CCP2M2                            00000002
CCP2M3                            00000003
CCP2X                             00000005
CCP2Y                             00000004
CCPR1                             00000015
CCPR1H                            00000016
CCPR1L                            00000015
CCPR2                             0000001B
CCPR2H                            0000001C
CCPR2L                            0000001B
CHS0                              00000002
CHS1                              00000003
CHS2                              00000004
CHS3                              00000005
MPASM 5.81         PRACTICA1-LEDSGRANDES.ASM   11-6-2018  17:34:26         PAGE  9


SYMBOL TABLE
  LABEL                             VALUE 

CKE                               00000006
CKP                               00000004
CM1CON0                           00000107
CM2CON0                           00000108
CM2CON1                           00000109
CONTA                             00000020
CONTB                             00000021
CONTC                             00000022
CREN                              00000004
CSRC                              00000007
D                                 00000005
D1                                00000023
D2                                00000024
D3                                00000025
DATA_ADDRESS                      00000005
DC                                00000001
DC1B0                             00000004
DC1B1                             00000005
DC2B0                             00000004
DC2B1                             00000005
DELAY_0                           00000093
DELAY_10MS                        0000009C
DELAY_10MS_0                      000000A2
D_A                               00000005
D_NOT_A                           00000005
ECCPAS                            0000009C
ECCPAS0                           00000004
ECCPAS1                           00000005
ECCPAS2                           00000006
ECCPASE                           00000007
EEADR                             0000010D
EEADRH                            0000010F
EECON1                            0000018C
EECON2                            0000018D
EEDAT                             0000010C
EEDATA                            0000010C
EEDATH                            0000010E
EEIE                              00000004
EEIF                              00000004
EEPGD                             00000007
F                                 00000001
FERR                              00000002
FOR1                              00000016
FOR2                              00000019
FOR3                              0000001C
FSR                               00000004
FVREN                             00000000
GCEN                              00000007
GIE                               00000007
GO                                00000001
GO_DONE                           00000001
GO_NOT_DONE                       00000001
HTS                               00000002
MPASM 5.81         PRACTICA1-LEDSGRANDES.ASM   11-6-2018  17:34:26         PAGE 10


SYMBOL TABLE
  LABEL                             VALUE 

I2C_DATA                          00000005
I2C_READ                          00000002
I2C_START                         00000003
I2C_STOP                          00000004
INDF                              00000000
INICIA                            00000000
INTCON                            0000000B
INTE                              00000004
INTEDG                            00000006
INTF                              00000001
IOCB                              00000096
IOCB0                             00000000
IOCB1                             00000001
IOCB2                             00000002
IOCB3                             00000003
IOCB4                             00000004
IOCB5                             00000005
IOCB6                             00000006
IOCB7                             00000007
IRCF0                             00000004
IRCF1                             00000005
IRCF2                             00000006
IRP                               00000007
LTS                               00000001
MAIN                              00000010
MC1OUT                            00000007
MC2OUT                            00000006
MSK                               00000093
MSK0                              00000000
MSK1                              00000001
MSK2                              00000002
MSK3                              00000003
MSK4                              00000004
MSK5                              00000005
MSK6                              00000006
MSK7                              00000007
NOT_A                             00000005
NOT_ADDRESS                       00000005
NOT_BO                            00000000
NOT_BOR                           00000000
NOT_DONE                          00000001
NOT_PD                            00000003
NOT_POR                           00000001
NOT_RBPU                          00000007
NOT_RC8                           00000006
NOT_T1SYNC                        00000002
NOT_TO                            00000004
NOT_TX8                           00000006
NOT_W                             00000002
NOT_WRITE                         00000002
OERR                              00000001
OPTION_REG                        00000081
OSCCON                            0000008F
MPASM 5.81         PRACTICA1-LEDSGRANDES.ASM   11-6-2018  17:34:26         PAGE 11


SYMBOL TABLE
  LABEL                             VALUE 

OSCTUNE                           00000090
OSFIE                             00000007
OSFIF                             00000007
OSTS                              00000003
P                                 00000004
P1M0                              00000006
P1M1                              00000007
PCL                               00000002
PCLATH                            0000000A
PCON                              0000008E
PDC0                              00000000
PDC1                              00000001
PDC2                              00000002
PDC3                              00000003
PDC4                              00000004
PDC5                              00000005
PDC6                              00000006
PEIE                              00000006
PEN                               00000002
PIE1                              0000008C
PIE2                              0000008D
PIR1                              0000000C
PIR2                              0000000D
PORTA                             00000005
PORTB                             00000006
PORTC                             00000007
PORTD                             00000008
PORTE                             00000009
PR2                               00000092
PRSEN                             00000007
PS0                               00000000
PS1                               00000001
PS2                               00000002
PSA                               00000003
PSSAC0                            00000002
PSSAC1                            00000003
PSSBD0                            00000000
PSSBD1                            00000001
PSTRCON                           0000009D
PULSR                             00000002
PULSS                             00000003
PWM1CON                           0000009B
R                                 00000002
RA0                               00000000
RA1                               00000001
RA2                               00000002
RA3                               00000003
RA4                               00000004
RA5                               00000005
RA6                               00000006
RA7                               00000007
RB0                               00000000
RB1                               00000001
MPASM 5.81         PRACTICA1-LEDSGRANDES.ASM   11-6-2018  17:34:26         PAGE 12


SYMBOL TABLE
  LABEL                             VALUE 

RB2                               00000002
RB3                               00000003
RB4                               00000004
RB5                               00000005
RB6                               00000006
RB7                               00000007
RBIE                              00000003
RBIF                              00000000
RC0                               00000000
RC1                               00000001
RC2                               00000002
RC3                               00000003
RC4                               00000004
RC5                               00000005
RC6                               00000006
RC7                               00000007
RC8_9                             00000006
RC9                               00000006
RCD8                              00000000
RCEN                              00000003
RCIDL                             00000006
RCIE                              00000005
RCIF                              00000005
RCREG                             0000001A
RCSTA                             00000018
RD                                00000000
RD0                               00000000
RD1                               00000001
RD2                               00000002
RD3                               00000003
RD4                               00000004
RD5                               00000005
RD6                               00000006
RD7                               00000007
RE0                               00000000
RE1                               00000001
RE2                               00000002
RE3                               00000003
READ_WRITE                        00000002
RET_0001                          000000AA
RET_0001_0                        000000AC
RET_50MS                          0000008D
RP0                               00000005
RP1                               00000006
RSEN                              00000001
RX9                               00000006
RX9D                              00000000
R_NOT_W                           00000002
R_W                               00000002
S                                 00000003
SBOREN                            00000004
SCKP                              00000004
SCS                               00000000
MPASM 5.81         PRACTICA1-LEDSGRANDES.ASM   11-6-2018  17:34:26         PAGE 13


SYMBOL TABLE
  LABEL                             VALUE 

SECUENCIA_A                       00000071
SECUENCIA_B                       00000085
SECUENCIA_C                       00000081
SECUENCIA_E                       00000089
SECUENCIA_H                       00000065
SECUENCIA_HOLA                    00000020
SECUENCIA_I                       0000007D
SECUENCIA_L                       0000006D
SECUENCIA_O                       00000069
SECUENCIA_P                       00000075
SECUENCIA_POZA                    00000035
SECUENCIA_RICA                    0000004A
SECUENCIA_Z                       00000079
SEC_APAGADO_DIG                   00000062
SEC_APAGADO_LED                   0000005F
SEN                               00000000
SENDB                             00000003
SMP                               00000007
SPBRG                             00000099
SPBRGH                            0000009A
SPEN                              00000007
SR0                               00000006
SR1                               00000007
SRCON                             00000185
SREN                              00000005
SSPADD                            00000093
SSPBUF                            00000013
SSPCON                            00000014
SSPCON2                           00000091
SSPEN                             00000005
SSPIE                             00000003
SSPIF                             00000003
SSPM0                             00000000
SSPM1                             00000001
SSPM2                             00000002
SSPM3                             00000003
SSPMSK                            00000093
SSPOV                             00000006
SSPSTAT                           00000094
STATUS                            00000003
STRA                              00000000
STRB                              00000001
STRC                              00000002
STRD                              00000003
STRSYNC                           00000004
SWDTEN                            00000000
SYNC                              00000004
T0CS                              00000005
T0IE                              00000005
T0IF                              00000002
T0SE                              00000004
T1CKPS0                           00000004
T1CKPS1                           00000005
MPASM 5.81         PRACTICA1-LEDSGRANDES.ASM   11-6-2018  17:34:26         PAGE 14


SYMBOL TABLE
  LABEL                             VALUE 

T1CON                             00000010
T1GINV                            00000007
T1GIV                             00000007
T1GSS                             00000001
T1INSYNC                          00000002
T1OSCEN                           00000003
T1SYNC                            00000002
T2CKPS0                           00000000
T2CKPS1                           00000001
T2CON                             00000012
TMR0                              00000001
TMR0IE                            00000005
TMR0IF                            00000002
TMR1                              0000000E
TMR1CS                            00000001
TMR1GE                            00000006
TMR1H                             0000000F
TMR1IE                            00000000
TMR1IF                            00000000
TMR1L                             0000000E
TMR1ON                            00000000
TMR2                              00000011
TMR2IE                            00000001
TMR2IF                            00000001
TMR2ON                            00000002
TOUTPS0                           00000003
TOUTPS1                           00000004
TOUTPS2                           00000005
TOUTPS3                           00000006
TRISA                             00000085
TRISA0                            00000000
TRISA1                            00000001
TRISA2                            00000002
TRISA3                            00000003
TRISA4                            00000004
TRISA5                            00000005
TRISA6                            00000006
TRISA7                            00000007
TRISB                             00000086
TRISB0                            00000000
TRISB1                            00000001
TRISB2                            00000002
TRISB3                            00000003
TRISB4                            00000004
TRISB5                            00000005
TRISB6                            00000006
TRISB7                            00000007
TRISC                             00000087
TRISC0                            00000000
TRISC1                            00000001
TRISC2                            00000002
TRISC3                            00000003
TRISC4                            00000004
MPASM 5.81         PRACTICA1-LEDSGRANDES.ASM   11-6-2018  17:34:26         PAGE 15


SYMBOL TABLE
  LABEL                             VALUE 

TRISC5                            00000005
TRISC6                            00000006
TRISC7                            00000007
TRISD                             00000088
TRISD0                            00000000
TRISD1                            00000001
TRISD2                            00000002
TRISD3                            00000003
TRISD4                            00000004
TRISD5                            00000005
TRISD6                            00000006
TRISD7                            00000007
TRISE                             00000089
TRISE0                            00000000
TRISE1                            00000001
TRISE2                            00000002
TRISE3                            00000003
TRMT                              00000001
TUN0                              00000000
TUN1                              00000001
TUN2                              00000002
TUN3                              00000003
TUN4                              00000004
TX8_9                             00000006
TX9                               00000006
TX9D                              00000000
TXD8                              00000000
TXEN                              00000005
TXIE                              00000004
TXIF                              00000004
TXREG                             00000019
TXSTA                             00000098
UA                                00000001
ULPWUE                            00000005
ULPWUIE                           00000002
ULPWUIF                           00000002
VCFG0                             00000004
VCFG1                             00000005
VR0                               00000000
VR1                               00000001
VR2                               00000002
VR3                               00000003
VRCON                             00000097
VREN                              00000007
VROE                              00000006
VRR                               00000005
VRSS                              00000004
W                                 00000000
WCOL                              00000007
WDTCON                            00000105
WDTPS0                            00000001
WDTPS1                            00000002
WDTPS2                            00000003
MPASM 5.81         PRACTICA1-LEDSGRANDES.ASM   11-6-2018  17:34:26         PAGE 16


SYMBOL TABLE
  LABEL                             VALUE 

WDTPS3                            00000004
WPUB                              00000095
WPUB0                             00000000
WPUB1                             00000001
WPUB2                             00000002
WPUB3                             00000003
WPUB4                             00000004
WPUB5                             00000005
WPUB6                             00000006
WPUB7                             00000007
WR                                00000001
WREN                              00000002
WRERR                             00000003
WUE                               00000001
Z                                 00000002
_.org_0_0094                      00000094
_.org_0_0096                      00000096
_.org_0_0099                      00000099
_.org_0_009A                      0000009A
_.org_0_00A3                      000000A3
_.org_0_00A5                      000000A5
_.org_0_00A8                      000000A8
_BOR21V                           00003EFF
_BOR40V                           00003FFF
_BOR4V_BOR21V                     00003EFF
_BOR4V_BOR40V                     00003FFF
_BOREN_NSLEEP                     00003EFF
_BOREN_OFF                        00003CFF
_BOREN_ON                         00003FFF
_BOREN_SBODEN                     00003DFF
_BOR_NSLEEP                       00003EFF
_BOR_OFF                          00003CFF
_BOR_ON                           00003FFF
_BOR_SBODEN                       00003DFF
_CONFIG1                          00002007
_CONFIG2                          00002008
_CPD_OFF                          00003FFF
_CPD_ON                           00003F7F
_CP_OFF                           00003FFF
_CP_ON                            00003FBF
_DEBUG_OFF                        00003FFF
_DEBUG_ON                         00001FFF
_DEVID1                           00002006
_EC_OSC                           00003FFB
_EXTRC                            00003FFF
_EXTRCIO                          00003FFE
_EXTRC_OSC_CLKOUT                 00003FFF
_EXTRC_OSC_NOCLKOUT               00003FFE
_FCMEN_OFF                        000037FF
_FCMEN_ON                         00003FFF
_FOSC_EC                          00003FFB
_FOSC_EXTRC_CLKOUT                00003FFF
_FOSC_EXTRC_NOCLKOUT              00003FFE
MPASM 5.81         PRACTICA1-LEDSGRANDES.ASM   11-6-2018  17:34:26         PAGE 17


SYMBOL TABLE
  LABEL                             VALUE 

_FOSC_HS                          00003FFA
_FOSC_INTRC_CLKOUT                00003FFD
_FOSC_INTRC_NOCLKOUT              00003FFC
_FOSC_LP                          00003FF8
_FOSC_XT                          00003FF9
_HS_OSC                           00003FFA
_IDLOC0                           00002000
_IDLOC1                           00002001
_IDLOC2                           00002002
_IDLOC3                           00002003
_IESO_OFF                         00003BFF
_IESO_ON                          00003FFF
_INTOSC                           00003FFD
_INTOSCIO                         00003FFC
_INTRC_OSC_CLKOUT                 00003FFD
_INTRC_OSC_NOCLKOUT               00003FFC
_LP_OSC                           00003FF8
_LVP_OFF                          00002FFF
_LVP_ON                           00003FFF
_MCLRE_OFF                        00003FDF
_MCLRE_ON                         00003FFF
_PWRTE_OFF                        00003FFF
_PWRTE_ON                         00003FEF
_WDTE_OFF                         00003FF7
_WDTE_ON                          00003FFF
_WDT_OFF                          00003FF7
_WDT_ON                           00003FFF
_WRT_1FOURTH                      00003BFF
_WRT_256                          00003DFF
_WRT_HALF                         000039FF
_WRT_OFF                          00003FFF
_XT_OSC                           00003FF9
__16F887                          00000001

Errors   :     0
Warnings :     8 reported,     0 suppressed
Messages :    11 reported,     0 suppressed

